
> justcall@1.0.0 tauri
> tauri dev

     Running BeforeDevCommand (`npm run dev`)

> justcall@1.0.0 dev
> http-server dist -p 1420 -c-1

Starting up http-server, serving dist

http-server version: 14.1.1

http-server settings: 
CORS: disabled
Cache: -1 seconds
Connection Timeout: 120 seconds
Directory Listings: visible
AutoIndex: visible
Serve GZIP Files: false
Serve Brotli Files: false
Default File Extension: none

Available on:
  http://127.0.0.1:1420
  http://30.24.187.66:1420
Hit CTRL-C to stop the server

     Running DevCommand (`cargo  run --no-default-features --color always --`)
        Info Watching /Users/kumar/Documents/Projects/justcall/justcall/src-tauri for changes...
[0m[1m[33mwarning[0m[0m[1m: unused variable: `app_handle`[0m
[0m  [0m[0m[1m[38;5;12m--> [0m[0msrc/services/global_shortcuts.rs:63:13[0m
[0m   [0m[0m[1m[38;5;12m|[0m
[0m[1m[38;5;12m63[0m[0m [0m[0m[1m[38;5;12m|[0m[0m [0m[0m        let app_handle = self.app_handle.clone();[0m
[0m   [0m[0m[1m[38;5;12m|[0m[0m             [0m[0m[1m[33m^^^^^^^^^^[0m[0m [0m[0m[1m[33mhelp: if this is intentional, prefix it with an underscore: `_app_handle`[0m
[0m   [0m[0m[1m[38;5;12m|[0m
[0m   [0m[0m[1m[38;5;12m= [0m[0m[1mnote[0m[0m: `#[warn(unused_variables)]` on by default[0m

[0m[1m[33mwarning[0m[0m[1m: unused variable: `app_handle`[0m
[0m   [0m[0m[1m[38;5;12m--> [0m[0msrc/lib.rs:129:17[0m
[0m    [0m[0m[1m[38;5;12m|[0m
[0m[1m[38;5;12m129[0m[0m [0m[0m[1m[38;5;12m|[0m[0m [0m[0m            let app_handle = app.handle().clone();[0m
[0m    [0m[0m[1m[38;5;12m|[0m[0m                 [0m[0m[1m[33m^^^^^^^^^^[0m[0m [0m[0m[1m[33mhelp: if this is intentional, prefix it with an underscore: `_app_handle`[0m

[0m[1m[33mwarning[0m[0m[1m: method `get_registered_hotkeys` is never used[0m
[0m   [0m[0m[1m[38;5;12m--> [0m[0msrc/services/global_shortcuts.rs:169:12[0m
[0m    [0m[0m[1m[38;5;12m|[0m
[0m[1m[38;5;12m27[0m[0m  [0m[0m[1m[38;5;12m|[0m[0m [0m[0mimpl GlobalShortcutService {[0m
[0m    [0m[0m[1m[38;5;12m|[0m[0m [0m[0m[1m[38;5;12m--------------------------[0m[0m [0m[0m[1m[38;5;12mmethod in this implementation[0m
[0m[1m[38;5;12m...[0m
[0m[1m[38;5;12m169[0m[0m [0m[0m[1m[38;5;12m|[0m[0m [0m[0m    pub fn get_registered_hotkeys(&self) -> &HashMap<String, ShortcutAction> {[0m
[0m    [0m[0m[1m[38;5;12m|[0m[0m            [0m[0m[1m[33m^^^^^^^^^^^^^^^^^^^^^^[0m
[0m    [0m[0m[1m[38;5;12m|[0m
[0m    [0m[0m[1m[38;5;12m= [0m[0m[1mnote[0m[0m: `#[warn(dead_code)]` on by default[0m

[1m[33mwarning[0m[1m:[0m `app` (lib) generated 3 warnings
[1m[32m    Finished[0m ]8;;https://doc.rust-lang.org/cargo/reference/profiles.html#default-profiles\`dev` profile [unoptimized + debuginfo]]8;;\ target(s) in 0.57s
[1m[32m     Running[0m `target/debug/app`
[2025-08-30][00:18:15][tao::platform_impl::platform::app_delegate][TRACE] Triggered `applicationDidFinishLaunching`
[2025-08-30][00:18:15][tao::platform_impl::platform::window][TRACE] Creating new window
[2025-08-30][00:18:15][tao::platform_impl::platform::view][TRACE] Triggered `viewDidMoveToWindow`
[2025-08-30][00:18:15][tao::platform_impl::platform::view][TRACE] Completed `viewDidMoveToWindow`
[2025-08-30][00:18:15][tao::platform_impl::platform::view][TRACE] Triggered `validAttributesForMarkedText`
[2025-08-30][00:18:15][tao::platform_impl::platform::view][TRACE] Completed `validAttributesForMarkedText`
[2025-08-30][00:18:15][tao::platform_impl::platform::view][TRACE] Triggered `validAttributesForMarkedText`
[2025-08-30][00:18:15][tao::platform_impl::platform::view][TRACE] Completed `validAttributesForMarkedText`
[2025-08-30][00:18:15][tao::platform_impl::platform::view][TRACE] Triggered `validAttributesForMarkedText`
[2025-08-30][00:18:15][tao::platform_impl::platform::view][TRACE] Completed `validAttributesForMarkedText`
[2025-08-30][00:18:15][tao::platform_impl::platform::view][TRACE] Triggered `validAttributesForMarkedText`
[2025-08-30][00:18:15][tao::platform_impl::platform::view][TRACE] Completed `validAttributesForMarkedText`
[2025-08-30][00:18:15][tao::platform_impl::platform::view][TRACE] Triggered `validAttributesForMarkedText`
[2025-08-30][00:18:15][tao::platform_impl::platform::view][TRACE] Completed `validAttributesForMarkedText`
[2025-08-30][00:18:15][tao::platform_impl::platform::window][TRACE] Locked shared state in `set_fullscreen`
[2025-08-30][00:18:15][tao::platform_impl::platform::window][TRACE] Unlocked shared state in `set_fullscreen`
[2025-08-30][00:18:15][tao::platform_impl::platform::view][TRACE] Triggered `validAttributesForMarkedText`
[2025-08-30][00:18:15][tao::platform_impl::platform::view][TRACE] Completed `validAttributesForMarkedText`
[2025-08-30][00:18:15][tao::platform_impl::platform::view][TRACE] Triggered `validAttributesForMarkedText`
[2025-08-30][00:18:15][tao::platform_impl::platform::view][TRACE] Completed `validAttributesForMarkedText`
[2025-08-30][00:18:15][tao::platform_impl::platform::view][TRACE] Triggered `validAttributesForMarkedText`
[2025-08-30][00:18:15][tao::platform_impl::platform::view][TRACE] Completed `validAttributesForMarkedText`
[2025-08-30][00:18:15][tao::platform_impl::platform::view][TRACE] Triggered `validAttributesForMarkedText`
[2025-08-30][00:18:15][tao::platform_impl::platform::view][TRACE] Completed `validAttributesForMarkedText`
[2025-08-30][00:18:15][tao::platform_impl::platform::view][TRACE] Triggered `validAttributesForMarkedText`
[2025-08-30][00:18:15][tao::platform_impl::platform::view][TRACE] Completed `validAttributesForMarkedText`
[2025-08-30][00:18:15][tao::platform_impl::platform::view][TRACE] Triggered `viewDidMoveToWindow`
[2025-08-30][00:18:15][tao::platform_impl::platform::view][TRACE] Completed `viewDidMoveToWindow`
[2025-08-30][00:18:15][app_lib::services::global_shortcuts][INFO] Setting up default hotkeys
[2025-08-30][00:18:15][app_lib::services::global_shortcuts][INFO] Registering hotkey: Cmd+Shift+J -> JoinPrimary
[2025-08-30][00:18:15][app_lib::services::global_shortcuts][INFO] Successfully registered hotkey: Cmd+Shift+J
[2025-08-30][00:18:15][app_lib::services::global_shortcuts][INFO] Registering hotkey: Cmd+Shift+H -> Hangup
[2025-08-30][00:18:15][app_lib::services::global_shortcuts][INFO] Successfully registered hotkey: Cmd+Shift+H
[2025-08-30][00:18:15][app_lib][INFO] JustCall initialized successfully
[2025-08-30][00:18:15][tao::platform_impl::platform::app_delegate][TRACE] Completed `applicationDidFinishLaunching`
[Sat Aug 30 2025 01:18:15 GMT+0100 (British Summer Time)]  "GET /" "Mozilla/5.0 (Macintosh; Intel Mac OS X 10_15_7) AppleWebKit/605.1.15 (KHTML, like Gecko)"
(node:6606) [DEP0066] DeprecationWarning: OutgoingMessage.prototype._headers is deprecated
(Use `node --trace-deprecation ...` to show where the warning was created)
[Sat Aug 30 2025 01:18:15 GMT+0100 (British Summer Time)]  "GET /toast.js" "Mozilla/5.0 (Macintosh; Intel Mac OS X 10_15_7) AppleWebKit/605.1.15 (KHTML, like Gecko)"
[2025-08-30][00:18:24][app_lib][DEBUG] Tray event: Click { id: TrayIconId("1"), position: PhysicalPosition { x: 1032.765625, y: -1072.94921875 }, rect: Rect { position: Physical(PhysicalPosition { x: 1006, y: -1080 }), size: Physical(PhysicalSize { width: 34, height: 24 }) }, button: Right, button_state: Down }
[2025-08-30][00:18:25][app_lib][DEBUG] Tray event: Click { id: TrayIconId("1"), position: PhysicalPosition { x: 1030.8515625, y: -1066.05078125 }, rect: Rect { position: Physical(PhysicalPosition { x: 1006, y: -1080 }), size: Physical(PhysicalSize { width: 34, height: 24 }) }, button: Right, button_state: Down }
[2025-08-30][00:18:26][app_lib][INFO] User selected settings from tray menu
[2025-08-30][00:18:26][tao::platform_impl::platform::window][TRACE] Creating new window
[2025-08-30][00:18:26][tao::platform_impl::platform::view][TRACE] Triggered `viewDidMoveToWindow`
[2025-08-30][00:18:26][tao::platform_impl::platform::view][TRACE] Completed `viewDidMoveToWindow`
[2025-08-30][00:18:26][tao::platform_impl::platform::view][TRACE] Triggered `validAttributesForMarkedText`
[2025-08-30][00:18:26][tao::platform_impl::platform::view][TRACE] Completed `validAttributesForMarkedText`
[2025-08-30][00:18:26][tao::platform_impl::platform::view][TRACE] Triggered `validAttributesForMarkedText`
[2025-08-30][00:18:26][tao::platform_impl::platform::view][TRACE] Completed `validAttributesForMarkedText`
[2025-08-30][00:18:26][tao::platform_impl::platform::view][TRACE] Triggered `validAttributesForMarkedText`
[2025-08-30][00:18:26][tao::platform_impl::platform::view][TRACE] Completed `validAttributesForMarkedText`
[2025-08-30][00:18:26][tao::platform_impl::platform::view][TRACE] Triggered `validAttributesForMarkedText`
[2025-08-30][00:18:26][tao::platform_impl::platform::view][TRACE] Completed `validAttributesForMarkedText`
[2025-08-30][00:18:26][tao::platform_impl::platform::view][TRACE] Triggered `validAttributesForMarkedText`
[2025-08-30][00:18:26][tao::platform_impl::platform::view][TRACE] Completed `validAttributesForMarkedText`
[2025-08-30][00:18:26][tao::platform_impl::platform::window][TRACE] Locked shared state in `set_fullscreen`
[2025-08-30][00:18:26][tao::platform_impl::platform::window][TRACE] Unlocked shared state in `set_fullscreen`
[2025-08-30][00:18:26][tao::platform_impl::platform::window_delegate][TRACE] Triggered `windowDidBecomeKey:`
[2025-08-30][00:18:26][tao::platform_impl::platform::window_delegate][TRACE] Completed `windowDidBecomeKey:`
[2025-08-30][00:18:26][tao::platform_impl::platform::view][TRACE] Triggered `validAttributesForMarkedText`
[2025-08-30][00:18:26][tao::platform_impl::platform::view][TRACE] Completed `validAttributesForMarkedText`
[2025-08-30][00:18:26][tao::platform_impl::platform::view][TRACE] Triggered `validAttributesForMarkedText`
[2025-08-30][00:18:26][tao::platform_impl::platform::view][TRACE] Completed `validAttributesForMarkedText`
[2025-08-30][00:18:26][tao::platform_impl::platform::view][TRACE] Triggered `validAttributesForMarkedText`
[2025-08-30][00:18:26][tao::platform_impl::platform::view][TRACE] Completed `validAttributesForMarkedText`
[2025-08-30][00:18:26][tao::platform_impl::platform::view][TRACE] Triggered `validAttributesForMarkedText`
[2025-08-30][00:18:26][tao::platform_impl::platform::view][TRACE] Completed `validAttributesForMarkedText`
[2025-08-30][00:18:26][tao::platform_impl::platform::view][TRACE] Triggered `validAttributesForMarkedText`
[2025-08-30][00:18:26][tao::platform_impl::platform::view][TRACE] Completed `validAttributesForMarkedText`
[2025-08-30][00:18:26][tao::platform_impl::platform::view][TRACE] Triggered `viewDidMoveToWindow`
[2025-08-30][00:18:26][tao::platform_impl::platform::view][TRACE] Completed `viewDidMoveToWindow`
[Sat Aug 30 2025 01:18:26 GMT+0100 (British Summer Time)]  "GET /settings.html" "Mozilla/5.0 (Macintosh; Intel Mac OS X 10_15_7) AppleWebKit/605.1.15 (KHTML, like Gecko)"
[Sat Aug 30 2025 01:18:26 GMT+0100 (British Summer Time)]  "GET /styles.css" "Mozilla/5.0 (Macintosh; Intel Mac OS X 10_15_7) AppleWebKit/605.1.15 (KHTML, like Gecko)"
[Sat Aug 30 2025 01:18:26 GMT+0100 (British Summer Time)]  "GET /toast.js" "Mozilla/5.0 (Macintosh; Intel Mac OS X 10_15_7) AppleWebKit/605.1.15 (KHTML, like Gecko)"
[Sat Aug 30 2025 01:18:26 GMT+0100 (British Summer Time)]  "GET /settings.js" "Mozilla/5.0 (Macintosh; Intel Mac OS X 10_15_7) AppleWebKit/605.1.15 (KHTML, like Gecko)"
[2025-08-30][00:18:28][tao::platform_impl::platform::window_delegate][TRACE] Triggered `windowDidResignKey:`
[2025-08-30][00:18:28][tao::platform_impl::platform::window_delegate][TRACE] Completed `windowDidResignKey:`
[2025-08-30][00:18:30][app_lib::services::global_shortcuts][INFO] Hotkey pressed: Cmd+Shift+J
[2025-08-30][00:18:30][app_lib][INFO] Hotkey event received: "\"JoinPrimary\""
[2025-08-30][00:18:30][app_lib][INFO] TODO: Join primary target
[2025-08-30][00:18:30][app_lib::services::global_shortcuts][INFO] Join primary target requested
[2025-08-30][00:18:30][app_lib::services::global_shortcuts][INFO] Hotkey pressed: Cmd+Shift+J
[2025-08-30][00:18:30][app_lib][INFO] Hotkey event received: "\"JoinPrimary\""
[2025-08-30][00:18:30][app_lib][INFO] TODO: Join primary target
[2025-08-30][00:18:30][app_lib::services::global_shortcuts][INFO] Join primary target requested
[2025-08-30][00:18:31][app_lib::services::global_shortcuts][INFO] Hotkey pressed: Cmd+Shift+H
[2025-08-30][00:18:31][app_lib][INFO] Hotkey event received: "\"Hangup\""
[2025-08-30][00:18:31][app_lib][INFO] TODO: Hangup call
[2025-08-30][00:18:31][app_lib::services::global_shortcuts][INFO] Hangup requested
[2025-08-30][00:18:34][tao::platform_impl::platform::window_delegate][TRACE] Triggered `windowDidBecomeKey:`
[2025-08-30][00:18:34][tao::platform_impl::platform::window_delegate][TRACE] Completed `windowDidBecomeKey:`
[2025-08-30][00:18:58][tao::platform_impl::platform::window_delegate][TRACE] Triggered `windowDidResignKey:`
[2025-08-30][00:18:58][tao::platform_impl::platform::window_delegate][TRACE] Completed `windowDidResignKey:`
[2025-08-30][00:21:59][tao::platform_impl::platform::window_delegate][TRACE] Triggered `windowDidBecomeKey:`
[2025-08-30][00:21:59][tao::platform_impl::platform::window_delegate][TRACE] Completed `windowDidBecomeKey:`
[2025-08-30][00:22:05][tao::platform_impl::platform::window_delegate][TRACE] Triggered `windowShouldClose:`
[2025-08-30][00:22:05][tao::platform_impl::platform::window_delegate][TRACE] Completed `windowShouldClose:`
[2025-08-30][00:22:05][tao::platform_impl::platform::window][TRACE] Dropping `UnownedWindow` (0x15724c2e0)
[2025-08-30][00:22:05][tao::platform_impl::platform::window_delegate][TRACE] Triggered `windowWillClose:`
[2025-08-30][00:22:05][tao::platform_impl::platform::window_delegate][TRACE] Completed `windowWillClose:`
[2025-08-30][00:22:07][app_lib][DEBUG] Tray event: Click { id: TrayIconId("1"), position: PhysicalPosition { x: 1016.73828125, y: -1071.27734375 }, rect: Rect { position: Physical(PhysicalPosition { x: 1006, y: -1080 }), size: Physical(PhysicalSize { width: 34, height: 24 }) }, button: Right, button_state: Down }
[2025-08-30][00:22:15][app_lib][INFO] User selected settings from tray menu
[2025-08-30][00:22:15][tao::platform_impl::platform::window][TRACE] Creating new window
[2025-08-30][00:22:15][tao::platform_impl::platform::view][TRACE] Triggered `viewDidMoveToWindow`
[2025-08-30][00:22:15][tao::platform_impl::platform::view][TRACE] Completed `viewDidMoveToWindow`
[2025-08-30][00:22:15][tao::platform_impl::platform::view][TRACE] Triggered `validAttributesForMarkedText`
[2025-08-30][00:22:15][tao::platform_impl::platform::view][TRACE] Completed `validAttributesForMarkedText`
[2025-08-30][00:22:15][tao::platform_impl::platform::view][TRACE] Triggered `validAttributesForMarkedText`
[2025-08-30][00:22:15][tao::platform_impl::platform::view][TRACE] Completed `validAttributesForMarkedText`
[2025-08-30][00:22:15][tao::platform_impl::platform::view][TRACE] Triggered `validAttributesForMarkedText`
[2025-08-30][00:22:15][tao::platform_impl::platform::view][TRACE] Completed `validAttributesForMarkedText`
[2025-08-30][00:22:15][tao::platform_impl::platform::view][TRACE] Triggered `validAttributesForMarkedText`
[2025-08-30][00:22:15][tao::platform_impl::platform::view][TRACE] Completed `validAttributesForMarkedText`
[2025-08-30][00:22:15][tao::platform_impl::platform::view][TRACE] Triggered `validAttributesForMarkedText`
[2025-08-30][00:22:15][tao::platform_impl::platform::view][TRACE] Completed `validAttributesForMarkedText`
[2025-08-30][00:22:15][tao::platform_impl::platform::window][TRACE] Locked shared state in `set_fullscreen`
[2025-08-30][00:22:15][tao::platform_impl::platform::window][TRACE] Unlocked shared state in `set_fullscreen`
[2025-08-30][00:22:15][tao::platform_impl::platform::window_delegate][TRACE] Triggered `windowDidBecomeKey:`
[2025-08-30][00:22:15][tao::platform_impl::platform::window_delegate][TRACE] Completed `windowDidBecomeKey:`
[2025-08-30][00:22:15][tao::platform_impl::platform::view][TRACE] Triggered `validAttributesForMarkedText`
[2025-08-30][00:22:15][tao::platform_impl::platform::view][TRACE] Completed `validAttributesForMarkedText`
[2025-08-30][00:22:15][tao::platform_impl::platform::view][TRACE] Triggered `validAttributesForMarkedText`
[2025-08-30][00:22:15][tao::platform_impl::platform::view][TRACE] Completed `validAttributesForMarkedText`
[2025-08-30][00:22:15][tao::platform_impl::platform::view][TRACE] Triggered `validAttributesForMarkedText`
[2025-08-30][00:22:15][tao::platform_impl::platform::view][TRACE] Completed `validAttributesForMarkedText`
[2025-08-30][00:22:15][tao::platform_impl::platform::view][TRACE] Triggered `validAttributesForMarkedText`
[2025-08-30][00:22:15][tao::platform_impl::platform::view][TRACE] Completed `validAttributesForMarkedText`
[2025-08-30][00:22:15][tao::platform_impl::platform::view][TRACE] Triggered `validAttributesForMarkedText`
[2025-08-30][00:22:15][tao::platform_impl::platform::view][TRACE] Completed `validAttributesForMarkedText`
[2025-08-30][00:22:15][tao::platform_impl::platform::view][TRACE] Triggered `viewDidMoveToWindow`
[2025-08-30][00:22:15][tao::platform_impl::platform::view][TRACE] Completed `viewDidMoveToWindow`
[Sat Aug 30 2025 01:22:15 GMT+0100 (British Summer Time)]  "GET /settings.html" "Mozilla/5.0 (Macintosh; Intel Mac OS X 10_15_7) AppleWebKit/605.1.15 (KHTML, like Gecko)"
[Sat Aug 30 2025 01:22:15 GMT+0100 (British Summer Time)]  "GET /styles.css" "Mozilla/5.0 (Macintosh; Intel Mac OS X 10_15_7) AppleWebKit/605.1.15 (KHTML, like Gecko)"
[Sat Aug 30 2025 01:22:15 GMT+0100 (British Summer Time)]  "GET /toast.js" "Mozilla/5.0 (Macintosh; Intel Mac OS X 10_15_7) AppleWebKit/605.1.15 (KHTML, like Gecko)"
[Sat Aug 30 2025 01:22:15 GMT+0100 (British Summer Time)]  "GET /settings.js" "Mozilla/5.0 (Macintosh; Intel Mac OS X 10_15_7) AppleWebKit/605.1.15 (KHTML, like Gecko)"
[2025-08-30][00:22:42][tao::platform_impl::platform::window_delegate][TRACE] Triggered `windowDidResignKey:`
[2025-08-30][00:22:42][tao::platform_impl::platform::window_delegate][TRACE] Completed `windowDidResignKey:`
[2025-08-30][00:22:43][tao::platform_impl::platform::window_delegate][TRACE] Triggered `windowDidBecomeKey:`
[2025-08-30][00:22:43][tao::platform_impl::platform::window_delegate][TRACE] Completed `windowDidBecomeKey:`
[2025-08-30][00:22:51][app_lib][DEBUG] Tray event: Click { id: TrayIconId("1"), position: PhysicalPosition { x: 1031.40234375, y: -1065.41796875 }, rect: Rect { position: Physical(PhysicalPosition { x: 1006, y: -1080 }), size: Physical(PhysicalSize { width: 34, height: 24 }) }, button: Right, button_state: Down }
[2025-08-30][00:23:02][app_lib::services::global_shortcuts][INFO] Registering hotkey: Cmd+Shift+E -> JoinPrimary
[2025-08-30][00:23:02][app_lib::services::global_shortcuts][INFO] Successfully registered hotkey: Cmd+Shift+E
[2025-08-30][00:23:02][app_lib::services::global_shortcuts][INFO] Unregistering hotkey: Cmd+Shift+E
[2025-08-30][00:23:07][app_lib::services::global_shortcuts][INFO] Registering hotkey: Cmd+Shift+K -> JoinPrimary
[2025-08-30][00:23:07][app_lib::services::global_shortcuts][INFO] Successfully registered hotkey: Cmd+Shift+K
[2025-08-30][00:23:07][app_lib::services::global_shortcuts][INFO] Unregistering hotkey: Cmd+Shift+K
[2025-08-30][00:23:12][app_lib::services::global_shortcuts][INFO] Registering hotkey: Cmd+Alt+Shift+Ô -> JoinPrimary
[2025-08-30][00:23:19][app_lib::services::global_shortcuts][INFO] Registering hotkey: Cmd+Alt+Shift+˜ -> JoinPrimary
[2025-08-30][00:23:29][app_lib::services::global_shortcuts][INFO] Registering hotkey: Cmd+Alt+J -> JoinPrimary
[2025-08-30][00:23:29][app_lib::services::global_shortcuts][INFO] Successfully registered hotkey: Cmd+Alt+J
[2025-08-30][00:23:29][app_lib::services::global_shortcuts][INFO] Unregistering hotkey: Cmd+Alt+J
[2025-08-30][00:23:36][tao::platform_impl::platform::window_delegate][TRACE] Triggered `windowDidResize:`
[2025-08-30][00:23:36][tao::platform_impl::platform::window_delegate][TRACE] Completed `windowDidResize:`
[2025-08-30][00:23:36][tao::platform_impl::platform::window_delegate][TRACE] Triggered `windowDidMove:`
[2025-08-30][00:23:36][tao::platform_impl::platform::window_delegate][TRACE] Completed `windowDidMove:`
[2025-08-30][00:23:38][tao::platform_impl::platform::window_delegate][TRACE] Triggered `windowDidMove:`
[2025-08-30][00:23:38][tao::platform_impl::platform::window_delegate][TRACE] Completed `windowDidMove:`
[2025-08-30][00:23:38][tao::platform_impl::platform::window_delegate][TRACE] Triggered `windowDidMove:`
[2025-08-30][00:23:38][tao::platform_impl::platform::window_delegate][TRACE] Completed `windowDidMove:`
[2025-08-30][00:23:38][tao::platform_impl::platform::window_delegate][TRACE] Triggered `windowDidMove:`
[2025-08-30][00:23:38][tao::platform_impl::platform::window_delegate][TRACE] Completed `windowDidMove:`
[2025-08-30][00:23:38][tao::platform_impl::platform::window_delegate][TRACE] Triggered `windowDidMove:`
[2025-08-30][00:23:38][tao::platform_impl::platform::window_delegate][TRACE] Completed `windowDidMove:`
[2025-08-30][00:23:42][app_lib::services::global_shortcuts][INFO] Registering hotkey: Ctrl+Alt+Shift+J -> JoinPrimary
[2025-08-30][00:23:42][app_lib::services::global_shortcuts][INFO] Successfully registered hotkey: Ctrl+Alt+Shift+J
[2025-08-30][00:23:42][app_lib::services::global_shortcuts][INFO] Unregistering hotkey: Ctrl+Alt+Shift+J
[2025-08-30][00:23:46][app_lib::services::global_shortcuts][INFO] Registering hotkey: Ctrl+Alt+Shift+H -> JoinPrimary
[2025-08-30][00:23:46][app_lib::services::global_shortcuts][INFO] Successfully registered hotkey: Ctrl+Alt+Shift+H
[2025-08-30][00:23:46][app_lib::services::global_shortcuts][INFO] Unregistering hotkey: Ctrl+Alt+Shift+H
[2025-08-30][00:23:48][app_lib::commands][INFO] Hotkeys changed, updating global shortcuts
[2025-08-30][00:23:48][app_lib::services::global_shortcuts][INFO] Unregistering all hotkeys
[2025-08-30][00:23:48][app_lib::services::global_shortcuts][INFO] Unregistering hotkey: Cmd+Shift+H
[2025-08-30][00:23:48][app_lib::services::global_shortcuts][INFO] Unregistering hotkey: Cmd+Shift+J
[2025-08-30][00:23:48][app_lib::services::global_shortcuts][INFO] Setting up default hotkeys
[2025-08-30][00:23:48][app_lib::services::global_shortcuts][INFO] Registering hotkey: Ctrl+Alt+Shift+J -> JoinPrimary
[2025-08-30][00:23:48][app_lib::services::global_shortcuts][INFO] Successfully registered hotkey: Ctrl+Alt+Shift+J
[2025-08-30][00:23:48][app_lib::services::global_shortcuts][INFO] Registering hotkey: Ctrl+Alt+Shift+H -> Hangup
[2025-08-30][00:23:48][app_lib::services::global_shortcuts][INFO] Successfully registered hotkey: Ctrl+Alt+Shift+H
[2025-08-30][00:23:50][tao::platform_impl::platform::window_delegate][TRACE] Triggered `windowDidResignKey:`
[2025-08-30][00:23:50][tao::platform_impl::platform::window_delegate][TRACE] Completed `windowDidResignKey:`
[2025-08-30][00:23:52][app_lib::services::global_shortcuts][INFO] Hotkey pressed: Ctrl+Alt+Shift+J
[2025-08-30][00:23:52][app_lib][INFO] Hotkey event received: "\"JoinPrimary\""
[2025-08-30][00:23:52][app_lib][INFO] TODO: Join primary target
[2025-08-30][00:23:52][app_lib::services::global_shortcuts][INFO] Join primary target requested
[2025-08-30][00:23:53][app_lib::services::global_shortcuts][INFO] Hotkey pressed: Ctrl+Alt+Shift+H
[2025-08-30][00:23:53][app_lib][INFO] Hotkey event received: "\"Hangup\""
[2025-08-30][00:23:53][app_lib][INFO] TODO: Hangup call
[2025-08-30][00:23:53][app_lib::services::global_shortcuts][INFO] Hangup requested
[2025-08-30][00:24:13][tao::platform_impl::platform::window_delegate][TRACE] Triggered `windowDidBecomeKey:`
[2025-08-30][00:24:13][tao::platform_impl::platform::window_delegate][TRACE] Completed `windowDidBecomeKey:`
[2025-08-30][00:24:15][tao::platform_impl::platform::window_delegate][TRACE] Triggered `windowShouldClose:`
[2025-08-30][00:24:15][tao::platform_impl::platform::window_delegate][TRACE] Completed `windowShouldClose:`
[2025-08-30][00:24:15][tao::platform_impl::platform::window][TRACE] Dropping `UnownedWindow` (0x13556d990)
[2025-08-30][00:24:15][tao::platform_impl::platform::window_delegate][TRACE] Triggered `windowWillClose:`
[2025-08-30][00:24:15][tao::platform_impl::platform::window_delegate][TRACE] Completed `windowWillClose:`
[2025-08-30][00:24:18][app_lib::services::global_shortcuts][INFO] Hotkey pressed: Ctrl+Alt+Shift+J
[2025-08-30][00:24:18][app_lib][INFO] Hotkey event received: "\"JoinPrimary\""
[2025-08-30][00:24:18][app_lib][INFO] TODO: Join primary target
[2025-08-30][00:24:18][app_lib::services::global_shortcuts][INFO] Join primary target requested
[2025-08-30][00:24:19][app_lib::services::global_shortcuts][INFO] Hotkey pressed: Ctrl+Alt+Shift+H
[2025-08-30][00:24:19][app_lib][INFO] Hotkey event received: "\"Hangup\""
[2025-08-30][00:24:19][app_lib][INFO] TODO: Hangup call
[2025-08-30][00:24:19][app_lib::services::global_shortcuts][INFO] Hangup requested
[2025-08-30][00:24:21][app_lib][DEBUG] Tray event: Click { id: TrayIconId("1"), position: PhysicalPosition { x: 1015.7421875, y: -1067.71484375 }, rect: Rect { position: Physical(PhysicalPosition { x: 1006, y: -1080 }), size: Physical(PhysicalSize { width: 34, height: 24 }) }, button: Right, button_state: Down }
[2025-08-30][00:24:22][app_lib][INFO] User selected settings from tray menu
[2025-08-30][00:24:22][tao::platform_impl::platform::window][TRACE] Creating new window
[2025-08-30][00:24:22][tao::platform_impl::platform::view][TRACE] Triggered `viewDidMoveToWindow`
[2025-08-30][00:24:22][tao::platform_impl::platform::view][TRACE] Completed `viewDidMoveToWindow`
[2025-08-30][00:24:22][tao::platform_impl::platform::view][TRACE] Triggered `validAttributesForMarkedText`
[2025-08-30][00:24:22][tao::platform_impl::platform::view][TRACE] Completed `validAttributesForMarkedText`
[2025-08-30][00:24:22][tao::platform_impl::platform::view][TRACE] Triggered `validAttributesForMarkedText`
[2025-08-30][00:24:22][tao::platform_impl::platform::view][TRACE] Completed `validAttributesForMarkedText`
[2025-08-30][00:24:22][tao::platform_impl::platform::view][TRACE] Triggered `validAttributesForMarkedText`
[2025-08-30][00:24:22][tao::platform_impl::platform::view][TRACE] Completed `validAttributesForMarkedText`
[2025-08-30][00:24:22][tao::platform_impl::platform::view][TRACE] Triggered `validAttributesForMarkedText`
[2025-08-30][00:24:22][tao::platform_impl::platform::view][TRACE] Completed `validAttributesForMarkedText`
[2025-08-30][00:24:22][tao::platform_impl::platform::view][TRACE] Triggered `validAttributesForMarkedText`
[2025-08-30][00:24:22][tao::platform_impl::platform::view][TRACE] Completed `validAttributesForMarkedText`
[2025-08-30][00:24:22][tao::platform_impl::platform::window][TRACE] Locked shared state in `set_fullscreen`
[2025-08-30][00:24:22][tao::platform_impl::platform::window][TRACE] Unlocked shared state in `set_fullscreen`
[2025-08-30][00:24:22][tao::platform_impl::platform::window_delegate][TRACE] Triggered `windowDidBecomeKey:`
[2025-08-30][00:24:22][tao::platform_impl::platform::window_delegate][TRACE] Completed `windowDidBecomeKey:`
[2025-08-30][00:24:22][tao::platform_impl::platform::view][TRACE] Triggered `validAttributesForMarkedText`
[2025-08-30][00:24:22][tao::platform_impl::platform::view][TRACE] Completed `validAttributesForMarkedText`
[2025-08-30][00:24:22][tao::platform_impl::platform::view][TRACE] Triggered `validAttributesForMarkedText`
[2025-08-30][00:24:22][tao::platform_impl::platform::view][TRACE] Completed `validAttributesForMarkedText`
[2025-08-30][00:24:22][tao::platform_impl::platform::view][TRACE] Triggered `validAttributesForMarkedText`
[2025-08-30][00:24:22][tao::platform_impl::platform::view][TRACE] Completed `validAttributesForMarkedText`
[2025-08-30][00:24:22][tao::platform_impl::platform::view][TRACE] Triggered `validAttributesForMarkedText`
[2025-08-30][00:24:22][tao::platform_impl::platform::view][TRACE] Completed `validAttributesForMarkedText`
[2025-08-30][00:24:22][tao::platform_impl::platform::view][TRACE] Triggered `validAttributesForMarkedText`
[2025-08-30][00:24:22][tao::platform_impl::platform::view][TRACE] Completed `validAttributesForMarkedText`
[2025-08-30][00:24:22][tao::platform_impl::platform::view][TRACE] Triggered `viewDidMoveToWindow`
[2025-08-30][00:24:22][tao::platform_impl::platform::view][TRACE] Completed `viewDidMoveToWindow`
[Sat Aug 30 2025 01:24:23 GMT+0100 (British Summer Time)]  "GET /settings.html" "Mozilla/5.0 (Macintosh; Intel Mac OS X 10_15_7) AppleWebKit/605.1.15 (KHTML, like Gecko)"
[Sat Aug 30 2025 01:24:23 GMT+0100 (British Summer Time)]  "GET /styles.css" "Mozilla/5.0 (Macintosh; Intel Mac OS X 10_15_7) AppleWebKit/605.1.15 (KHTML, like Gecko)"
[Sat Aug 30 2025 01:24:23 GMT+0100 (British Summer Time)]  "GET /toast.js" "Mozilla/5.0 (Macintosh; Intel Mac OS X 10_15_7) AppleWebKit/605.1.15 (KHTML, like Gecko)"
[Sat Aug 30 2025 01:24:23 GMT+0100 (British Summer Time)]  "GET /settings.js" "Mozilla/5.0 (Macintosh; Intel Mac OS X 10_15_7) AppleWebKit/605.1.15 (KHTML, like Gecko)"
[2025-08-30][00:24:36][tao::platform_impl::platform::window_delegate][TRACE] Triggered `windowDidResignKey:`
[2025-08-30][00:24:36][tao::platform_impl::platform::window_delegate][TRACE] Completed `windowDidResignKey:`
[2025-08-30][00:24:59][tao::platform_impl::platform::window_delegate][TRACE] Triggered `windowDidBecomeKey:`
[2025-08-30][00:24:59][tao::platform_impl::platform::window_delegate][TRACE] Completed `windowDidBecomeKey:`
[2025-08-30][00:25:02][app_lib::services::global_shortcuts][INFO] Hotkey pressed: Ctrl+Alt+Shift+J
[2025-08-30][00:25:02][app_lib][INFO] Hotkey event received: "\"JoinPrimary\""
[2025-08-30][00:25:02][app_lib][INFO] TODO: Join primary target
[2025-08-30][00:25:02][app_lib::services::global_shortcuts][INFO] Join primary target requested
[2025-08-30][00:25:05][tao::platform_impl::platform::app_delegate][TRACE] Triggered `applicationSupportsSecureRestorableState`
[2025-08-30][00:25:05][tao::platform_impl::platform::app_delegate][TRACE] Completed `applicationSupportsSecureRestorableState`
[2025-08-30][00:25:07][app_lib::services::global_shortcuts][INFO] Hotkey pressed: Ctrl+Alt+Shift+J
[2025-08-30][00:25:07][app_lib][INFO] Hotkey event received: "\"JoinPrimary\""
[2025-08-30][00:25:07][app_lib][INFO] TODO: Join primary target
[2025-08-30][00:25:07][app_lib::services::global_shortcuts][INFO] Join primary target requested
[2025-08-30][00:25:07][app_lib::services::global_shortcuts][INFO] Hotkey pressed: Ctrl+Alt+Shift+J
[2025-08-30][00:25:07][app_lib][INFO] Hotkey event received: "\"JoinPrimary\""
[2025-08-30][00:25:07][app_lib][INFO] TODO: Join primary target
[2025-08-30][00:25:07][app_lib::services::global_shortcuts][INFO] Join primary target requested
[2025-08-30][00:25:09][app_lib::services::global_shortcuts][INFO] Hotkey pressed: Ctrl+Alt+Shift+J
[2025-08-30][00:25:09][app_lib][INFO] Hotkey event received: "\"JoinPrimary\""
[2025-08-30][00:25:09][app_lib][INFO] TODO: Join primary target
[2025-08-30][00:25:09][app_lib::services::global_shortcuts][INFO] Join primary target requested
[2025-08-30][00:25:32][tao::platform_impl::platform::window_delegate][TRACE] Triggered `windowDidResignKey:`
[2025-08-30][00:25:32][tao::platform_impl::platform::window_delegate][TRACE] Completed `windowDidResignKey:`
        Info File src-tauri/src/lib.rs changed. Rebuilding application...
     Running DevCommand (`cargo  run --no-default-features --color always --`)
        Info File src-tauri/src/lib.rs changed. Rebuilding application...
     Running DevCommand (`cargo  run --no-default-features --color always --`)
[1m[32m   Compiling[0m app v0.1.0 (/Users/kumar/Documents/Projects/justcall/justcall/src-tauri)
[1m[36m    Building[0m [=======================> ] 393/395: app                         [K[0m[1m[33mwarning[0m[0m[1m: unused variable: `app_handle`[0m
[0m  [0m[0m[1m[38;5;12m--> [0m[0msrc/services/global_shortcuts.rs:63:13[0m
[0m   [0m[0m[1m[38;5;12m|[0m
[0m[1m[38;5;12m63[0m[0m [0m[0m[1m[38;5;12m|[0m[0m [0m[0m        let app_handle = self.app_handle.clone();[0m
[0m   [0m[0m[1m[38;5;12m|[0m[0m             [0m[0m[1m[33m^^^^^^^^^^[0m[0m [0m[0m[1m[33mhelp: if this is intentional, prefix it with an underscore: `_app_handle`[0m
[0m   [0m[0m[1m[38;5;12m|[0m
[0m   [0m[0m[1m[38;5;12m= [0m[0m[1mnote[0m[0m: `#[warn(unused_variables)]` on by default[0m

[1m[36m    Building[0m [=======================> ] 393/395: app                         [K[0m[1m[33mwarning[0m[0m[1m: unused variable: `app_handle`[0m
[0m   [0m[0m[1m[38;5;12m--> [0m[0msrc/lib.rs:129:17[0m
[0m    [0m[0m[1m[38;5;12m|[0m
[0m[1m[38;5;12m129[0m[0m [0m[0m[1m[38;5;12m|[0m[0m [0m[0m            let app_handle = app.handle().clone();[0m
[0m    [0m[0m[1m[38;5;12m|[0m[0m                 [0m[0m[1m[33m^^^^^^^^^^[0m[0m [0m[0m[1m[33mhelp: if this is intentional, prefix it with an underscore: `_app_handle`[0m

[1m[36m    Building[0m [=======================> ] 393/395: app                         [K[0m[1m[33mwarning[0m[0m[1m: method `get_registered_hotkeys` is never used[0m
[0m   [0m[0m[1m[38;5;12m--> [0m[0msrc/services/global_shortcuts.rs:169:12[0m
[0m    [0m[0m[1m[38;5;12m|[0m
[0m[1m[38;5;12m27[0m[0m  [0m[0m[1m[38;5;12m|[0m[0m [0m[0mimpl GlobalShortcutService {[0m
[0m    [0m[0m[1m[38;5;12m|[0m[0m [0m[0m[1m[38;5;12m--------------------------[0m[0m [0m[0m[1m[38;5;12mmethod in this implementation[0m
[0m[1m[38;5;12m...[0m
[0m[1m[38;5;12m169[0m[0m [0m[0m[1m[38;5;12m|[0m[0m [0m[0m    pub fn get_registered_hotkeys(&self) -> &HashMap<String, ShortcutAction> {[0m
[0m    [0m[0m[1m[38;5;12m|[0m[0m            [0m[0m[1m[33m^^^^^^^^^^^^^^^^^^^^^^[0m
[0m    [0m[0m[1m[38;5;12m|[0m
[0m    [0m[0m[1m[38;5;12m= [0m[0m[1mnote[0m[0m: `#[warn(dead_code)]` on by default[0m

[1m[36m    Building[0m [=======================> ] 393/395: app                         [K[1m[33mwarning[0m[1m:[0m `app` (lib) generated 3 warnings
[1m[36m    Building[0m [=======================> ] 394/395: app(bin)                    [K[1m[32m    Finished[0m ]8;;https://doc.rust-lang.org/cargo/reference/profiles.html#default-profiles\`dev` profile [unoptimized + debuginfo]]8;;\ target(s) in 3.56s
[1m[32m     Running[0m `target/debug/app`
[2025-08-30][00:25:44][tao::platform_impl::platform::app_delegate][TRACE] Triggered `applicationDidFinishLaunching`
[2025-08-30][00:25:44][tao::platform_impl::platform::window][TRACE] Creating new window
[2025-08-30][00:25:44][tao::platform_impl::platform::view][TRACE] Triggered `viewDidMoveToWindow`
[2025-08-30][00:25:44][tao::platform_impl::platform::view][TRACE] Completed `viewDidMoveToWindow`
[2025-08-30][00:25:44][tao::platform_impl::platform::view][TRACE] Triggered `validAttributesForMarkedText`
[2025-08-30][00:25:44][tao::platform_impl::platform::view][TRACE] Completed `validAttributesForMarkedText`
[2025-08-30][00:25:44][tao::platform_impl::platform::view][TRACE] Triggered `validAttributesForMarkedText`
[2025-08-30][00:25:44][tao::platform_impl::platform::view][TRACE] Completed `validAttributesForMarkedText`
[2025-08-30][00:25:44][tao::platform_impl::platform::view][TRACE] Triggered `validAttributesForMarkedText`
[2025-08-30][00:25:44][tao::platform_impl::platform::view][TRACE] Completed `validAttributesForMarkedText`
[2025-08-30][00:25:44][tao::platform_impl::platform::view][TRACE] Triggered `validAttributesForMarkedText`
[2025-08-30][00:25:44][tao::platform_impl::platform::view][TRACE] Completed `validAttributesForMarkedText`
[2025-08-30][00:25:44][tao::platform_impl::platform::view][TRACE] Triggered `validAttributesForMarkedText`
[2025-08-30][00:25:44][tao::platform_impl::platform::view][TRACE] Completed `validAttributesForMarkedText`
[2025-08-30][00:25:44][tao::platform_impl::platform::window][TRACE] Locked shared state in `set_fullscreen`
[2025-08-30][00:25:44][tao::platform_impl::platform::window][TRACE] Unlocked shared state in `set_fullscreen`
[2025-08-30][00:25:44][tao::platform_impl::platform::view][TRACE] Triggered `validAttributesForMarkedText`
[2025-08-30][00:25:44][tao::platform_impl::platform::view][TRACE] Completed `validAttributesForMarkedText`
[2025-08-30][00:25:44][tao::platform_impl::platform::view][TRACE] Triggered `validAttributesForMarkedText`
[2025-08-30][00:25:44][tao::platform_impl::platform::view][TRACE] Completed `validAttributesForMarkedText`
[2025-08-30][00:25:44][tao::platform_impl::platform::view][TRACE] Triggered `validAttributesForMarkedText`
[2025-08-30][00:25:44][tao::platform_impl::platform::view][TRACE] Completed `validAttributesForMarkedText`
[2025-08-30][00:25:44][tao::platform_impl::platform::view][TRACE] Triggered `validAttributesForMarkedText`
[2025-08-30][00:25:44][tao::platform_impl::platform::view][TRACE] Completed `validAttributesForMarkedText`
[2025-08-30][00:25:44][tao::platform_impl::platform::view][TRACE] Triggered `validAttributesForMarkedText`
[2025-08-30][00:25:44][tao::platform_impl::platform::view][TRACE] Completed `validAttributesForMarkedText`
[2025-08-30][00:25:44][tao::platform_impl::platform::view][TRACE] Triggered `viewDidMoveToWindow`
[2025-08-30][00:25:44][tao::platform_impl::platform::view][TRACE] Completed `viewDidMoveToWindow`
[2025-08-30][00:25:44][app_lib::services::global_shortcuts][INFO] Setting up default hotkeys
[2025-08-30][00:25:44][app_lib::services::global_shortcuts][INFO] Registering hotkey: Ctrl+Alt+Shift+J -> JoinPrimary
[2025-08-30][00:25:44][app_lib::services::global_shortcuts][INFO] Successfully registered hotkey: Ctrl+Alt+Shift+J
[2025-08-30][00:25:44][app_lib::services::global_shortcuts][INFO] Registering hotkey: Ctrl+Alt+Shift+H -> Hangup
[2025-08-30][00:25:44][app_lib::services::global_shortcuts][INFO] Successfully registered hotkey: Ctrl+Alt+Shift+H
[2025-08-30][00:25:44][app_lib][INFO] JustCall initialized successfully
[2025-08-30][00:25:44][tao::platform_impl::platform::app_delegate][TRACE] Completed `applicationDidFinishLaunching`
[Sat Aug 30 2025 01:25:44 GMT+0100 (British Summer Time)]  "GET /" "Mozilla/5.0 (Macintosh; Intel Mac OS X 10_15_7) AppleWebKit/605.1.15 (KHTML, like Gecko)"
[Sat Aug 30 2025 01:25:44 GMT+0100 (British Summer Time)]  "GET /toast.js" "Mozilla/5.0 (Macintosh; Intel Mac OS X 10_15_7) AppleWebKit/605.1.15 (KHTML, like Gecko)"
